2008.03.24 16:14 B C:\Users\rogerio\simplyrojas\Photos.htm <-- rogerio /rogerio Photos.htm
2008.03.24 16:29 B C:\Users\rogerio\simplyrojas\Photos.htm --> users.isp.com /rogerio Photos.htm
2008.03.24 16:30 B C:\Users\rogerio\simplyrojas\Photos.htm --> users.isp.com /rogerio Photos.htm
2008.04.04 23:51 B C:\Users\rogerio\simplyrojas\jose_josepha.htm --> users.isp.com /rogerio jose_josepha.htm
2008.04.04 23:57 B C:\Users\rogerio\simplyrojas\functions.js --> users.isp.com /rogerio functions.js
2008.05.06 23:49 B C:\Users\rogerio\simplyrojas\functions.js --> users.isp.com /rogerio functions.js
2008.05.14 21:46 B C:\Users\rogerio\simplyrojas\oscar.htm --> users.isp.com /rogerio oscar.htm
2008.05.14 21:58 B C:\Users\rogerio\simplyrojas\lizette.htm --> users.isp.com /rogerio lizette.htm
2008.05.14 21:59 B C:\Users\rogerio\simplyrojas\ricardo.htm --> users.isp.com /rogerio ricardo.htm
2008.05.14 22:01 B C:\Users\rogerio\simplyrojas\lizette.htm --> users.isp.com /rogerio lizette.htm
2008.07.15 19:00 B C:\Users\rogerio\simplyrojas\Photos.htm --> users.isp.com /rogerio Photos.htm
2008.08.04 18:04 B C:\Users\rogerio\simplyrojas\functions.js --> users.isp.com /rogerio functions.js
2008.08.04 18:05 B C:\Users\rogerio\simplyrojas\functions.js --> users.isp.com /rogerio functions.js
2008.10.02 17:44 B C:\Users\rogerio\simplyrojas\anthony.htm --> www.evensteventrader.com / anthony.htm
2008.10.02 17:44 B C:\Users\rogerio\simplyrojas\antonio.htm --> www.evensteventrader.com / antonio.htm
2008.10.02 17:44 B C:\Users\rogerio\simplyrojas\antonio_esperanza.htm --> www.evensteventrader.com / antonio_esperanza.htm
2008.10.02 17:44 B C:\Users\rogerio\simplyrojas\aurelio_benita.htm --> www.evensteventrader.com / aurelio_benita.htm
2008.10.02 17:44 B C:\Users\rogerio\simplyrojas\aurora.htm --> www.evensteventrader.com / aurora.htm
2008.10.02 17:44 B C:\Users\rogerio\simplyrojas\bd_login.htm --> www.evensteventrader.com / bd_login.htm
2008.10.02 17:44 B C:\Users\rogerio\simplyrojas\bd_lskdjf.htm --> www.evensteventrader.com / bd_lskdjf.htm
2008.10.02 17:44 B C:\Users\rogerio\simplyrojas\birthdays.txt --> www.evensteventrader.com / birthdays.txt
2008.10.02 17:44 B C:\Users\rogerio\simplyrojas\birthdays.xls --> www.evensteventrader.com / birthdays.xls
2008.10.02 17:44 B C:\Users\rogerio\simplyrojas\carlos.htm --> www.evensteventrader.com / carlos.htm
2008.10.02 17:44 B C:\Users\rogerio\simplyrojas\dalia.htm --> www.evensteventrader.com / dalia.htm
2008.10.02 17:44 B C:\Users\rogerio\simplyrojas\evangelina.htm --> www.evensteventrader.com / evangelina.htm
2008.10.02 17:44 B C:\Users\rogerio\simplyrojas\favorite.htm --> www.evensteventrader.com / favorite.htm
2008.10.02 17:44 B C:\Users\rogerio\simplyrojas\francisco_aurora.htm --> www.evensteventrader.com / francisco_aurora.htm
2008.10.02 17:44 B C:\Users\rogerio\simplyrojas\francisco_III.htm --> www.evensteventrader.com / francisco_III.htm
2008.10.02 17:44 B C:\Users\rogerio\simplyrojas\francisco_jr.htm --> www.evensteventrader.com / francisco_jr.htm
2008.10.02 17:44 B C:\Users\rogerio\simplyrojas\functions.js --> www.evensteventrader.com / functions.js
2008.10.02 17:44 B C:\Users\rogerio\simplyrojas\functions_bd_w_year.js --> www.evensteventrader.com / functions_bd_w_year.js
2008.10.02 17:44 B C:\Users\rogerio\simplyrojas\guillermo_antonia.htm --> www.evensteventrader.com / guillermo_antonia.htm
2008.10.02 17:44 B C:\Users\rogerio\simplyrojas\index.htm --> www.evensteventrader.com / index.htm
2008.10.02 17:44 B C:\Users\rogerio\simplyrojas\jessica rae.htm --> www.evensteventrader.com / jessica rae.htm
2008.10.02 17:44 B C:\Users\rogerio\simplyrojas\jorge.htm --> www.evensteventrader.com / jorge.htm
2008.10.02 17:44 B C:\Users\rogerio\simplyrojas\jose_josepha.htm --> www.evensteventrader.com / jose_josepha.htm
2008.10.02 17:44 B C:\Users\rogerio\simplyrojas\karina.htm --> www.evensteventrader.com / karina.htm
2008.10.02 17:44 B C:\Users\rogerio\simplyrojas\lizette.htm --> www.evensteventrader.com / lizette.htm
2008.10.02 17:44 B C:\Users\rogerio\simplyrojas\melissa.htm --> www.evensteventrader.com / melissa.htm
2008.10.02 17:44 B C:\Users\rogerio\simplyrojas\michelle.htm --> www.evensteventrader.com / michelle.htm
2008.10.02 17:44 B C:\Users\rogerio\simplyrojas\monica.htm --> www.evensteventrader.com / monica.htm
2008.10.02 17:44 B C:\Users\rogerio\simplyrojas\oscar.htm --> www.evensteventrader.com / oscar.htm
2008.10.02 17:44 B C:\Users\rogerio\simplyrojas\Photos.htm --> www.evensteventrader.com / Photos.htm
2008.10.02 17:44 B C:\Users\rogerio\simplyrojas\pics04-cdc_award.htm --> www.evensteventrader.com / pics04-cdc_award.htm
2008.10.02 17:44 B C:\Users\rogerio\simplyrojas\pics04-Trail.htm --> www.evensteventrader.com / pics04-Trail.htm
2008.10.02 17:44 B C:\Users\rogerio\simplyrojas\pics_08151603.htm --> www.evensteventrader.com / pics_08151603.htm
2008.10.02 17:44 B C:\Users\rogerio\simplyrojas\pics_ballunarfest03.htm --> www.evensteventrader.com / pics_ballunarfest03.htm
2008.10.02 17:44 B C:\Users\rogerio\simplyrojas\pics_LaborDay03.htm --> www.evensteventrader.com / pics_LaborDay03.htm
2008.10.02 17:44 B C:\Users\rogerio\simplyrojas\pics_porter-losfresnos03.htm --> www.evensteventrader.com / pics_porter-losfresnos03.htm
2008.10.02 17:44 B C:\Users\rogerio\simplyrojas\pics_porter-psja-districtplayoff03.htm --> www.evensteventrader.com / pics_porter-psja-districtplayoff03.htm
2008.10.02 17:44 B C:\Users\rogerio\simplyrojas\pics_texans_jaquars_03.htm --> www.evensteventrader.com / pics_texans_jaquars_03.htm
2008.10.02 17:44 B C:\Users\rogerio\simplyrojas\pics_ut-rice03.htm --> www.evensteventrader.com / pics_ut-rice03.htm
2008.10.02 17:44 B C:\Users\rogerio\simplyrojas\pics_UTExpo03.htm --> www.evensteventrader.com / pics_UTExpo03.htm
2008.10.02 17:44 B C:\Users\rogerio\simplyrojas\pics_west03.htm --> www.evensteventrader.com / pics_west03.htm
2008.10.02 17:44 B C:\Users\rogerio\simplyrojas\pics_windsurfing.htm --> www.evensteventrader.com / pics_windsurfing.htm
2008.10.02 17:44 B C:\Users\rogerio\simplyrojas\pics_windsurfing2.htm --> www.evensteventrader.com / pics_windsurfing2.htm
2008.10.02 17:44 B C:\Users\rogerio\simplyrojas\pix_login.htm --> www.evensteventrader.com / pix_login.htm
2008.10.02 17:44 B C:\Users\rogerio\simplyrojas\reunion.htm --> www.evensteventrader.com / reunion.htm
2008.10.02 17:44 B C:\Users\rogerio\simplyrojas\ricardo.htm --> www.evensteventrader.com / ricardo.htm
2008.10.02 17:44 B C:\Users\rogerio\simplyrojas\roberto.htm --> www.evensteventrader.com / roberto.htm
2008.10.02 17:44 B C:\Users\rogerio\simplyrojas\ruben.htm --> www.evensteventrader.com / ruben.htm
2008.10.02 17:44 B C:\Users\rogerio\simplyrojas\willie.htm --> www.evensteventrader.com / willie.htm
2008.10.02 18:08 B C:\Users\rogerio\simplyrojas\index.htm --> www.evensteventrader.com /Aberrant index.htm
2008.10.10 20:08 B C:\Users\rogerio\simplyrojas\Photos.htm --> www.evensteventrader.com / Photos.htm
2009.09.01 23:28 B C:\Users\rogerio\simplyrojas\functions.js --> www.evensteventrader.com / functions.js
