2008.10.03 20:54 B C:\Users\rogerio\simplyrojas\_derived\_vti_cnf\anthony.htm_cmp_artsy010_bnr.gif --> www.evensteventrader.com /_derived/_vti_cnf anthony.htm_cmp_artsy010_bnr.gif
2008.10.03 20:54 B C:\Users\rogerio\simplyrojas\_derived\_vti_cnf\antonio.htm_cmp_artsy010_bnr.gif --> www.evensteventrader.com /_derived/_vti_cnf antonio.htm_cmp_artsy010_bnr.gif
2008.10.03 20:54 B C:\Users\rogerio\simplyrojas\_derived\_vti_cnf\antonio_esperanza.htm_cmp_artsy010_bnr.gif --> www.evensteventrader.com /_derived/_vti_cnf antonio_esperanza.htm_cmp_artsy010_bnr.gif
2008.10.03 20:54 B C:\Users\rogerio\simplyrojas\_derived\_vti_cnf\antonio_esperanza.htm_cmp_artsy010_hbtn.gif --> www.evensteventrader.com /_derived/_vti_cnf antonio_esperanza.htm_cmp_artsy010_hbtn.gif
2008.10.03 20:54 B C:\Users\rogerio\simplyrojas\_derived\_vti_cnf\antonio_esperanza.htm_cmp_artsy010_hbtn_a.gif --> www.evensteventrader.com /_derived/_vti_cnf antonio_esperanza.htm_cmp_artsy010_hbtn_a.gif
2008.10.03 20:54 B C:\Users\rogerio\simplyrojas\_derived\_vti_cnf\antonio_esperanza.htm_cmp_artsy100_hbtn.gif --> www.evensteventrader.com /_derived/_vti_cnf antonio_esperanza.htm_cmp_artsy100_hbtn.gif
2008.10.03 20:54 B C:\Users\rogerio\simplyrojas\_derived\_vti_cnf\aurelio_benita.htm_cmp_artsy010_bnr.gif --> www.evensteventrader.com /_derived/_vti_cnf aurelio_benita.htm_cmp_artsy010_bnr.gif
2008.10.03 20:54 B C:\Users\rogerio\simplyrojas\_derived\_vti_cnf\aurelio_benita.htm_cmp_artsy010_hbtn.gif --> www.evensteventrader.com /_derived/_vti_cnf aurelio_benita.htm_cmp_artsy010_hbtn.gif
2008.10.03 20:54 B C:\Users\rogerio\simplyrojas\_derived\_vti_cnf\aurelio_benita.htm_cmp_artsy010_hbtn_a.gif --> www.evensteventrader.com /_derived/_vti_cnf aurelio_benita.htm_cmp_artsy010_hbtn_a.gif
2008.10.03 20:54 B C:\Users\rogerio\simplyrojas\_derived\_vti_cnf\aurelio_benita.htm_cmp_artsy100_hbtn.gif --> www.evensteventrader.com /_derived/_vti_cnf aurelio_benita.htm_cmp_artsy100_hbtn.gif
2008.10.03 20:54 B C:\Users\rogerio\simplyrojas\_derived\_vti_cnf\aurora.htm_cmp_artsy010_bnr.gif --> www.evensteventrader.com /_derived/_vti_cnf aurora.htm_cmp_artsy010_bnr.gif
2008.10.03 20:54 B C:\Users\rogerio\simplyrojas\_derived\_vti_cnf\auroras-grandmas-mom.htm_cmp_artsy010_bnr.gif --> www.evensteventrader.com /_derived/_vti_cnf auroras-grandmas-mom.htm_cmp_artsy010_bnr.gif
2008.10.03 20:54 B C:\Users\rogerio\simplyrojas\_derived\_vti_cnf\auroras-grandmas-mom.htm_cmp_artsy010_hbtn.gif --> www.evensteventrader.com /_derived/_vti_cnf auroras-grandmas-mom.htm_cmp_artsy010_hbtn.gif
2008.10.03 20:54 B C:\Users\rogerio\simplyrojas\_derived\_vti_cnf\auroras-grandmas-mom.htm_cmp_artsy010_hbtn_a.gif --> www.evensteventrader.com /_derived/_vti_cnf auroras-grandmas-mom.htm_cmp_artsy010_hbtn_a.gif
2008.10.03 20:54 B C:\Users\rogerio\simplyrojas\_derived\_vti_cnf\auroras-grandmas-mom.htm_cmp_artsy100_hbtn.gif --> www.evensteventrader.com /_derived/_vti_cnf auroras-grandmas-mom.htm_cmp_artsy100_hbtn.gif
2008.10.03 20:54 B C:\Users\rogerio\simplyrojas\_derived\_vti_cnf\auroras-grandparents.htm_cmp_artsy010_hbtn.gif --> www.evensteventrader.com /_derived/_vti_cnf auroras-grandparents.htm_cmp_artsy010_hbtn.gif
2008.10.03 20:54 B C:\Users\rogerio\simplyrojas\_derived\_vti_cnf\auroras-grandparents.htm_cmp_artsy010_hbtn_a.gif --> www.evensteventrader.com /_derived/_vti_cnf auroras-grandparents.htm_cmp_artsy010_hbtn_a.gif
2008.10.03 20:54 B C:\Users\rogerio\simplyrojas\_derived\_vti_cnf\auroras-grandparents.htm_cmp_artsy100_hbtn.gif --> www.evensteventrader.com /_derived/_vti_cnf auroras-grandparents.htm_cmp_artsy100_hbtn.gif
2008.10.03 20:54 B C:\Users\rogerio\simplyrojas\_derived\_vti_cnf\bd_login.htm_cmp_artsy100_bnr.gif --> www.evensteventrader.com /_derived/_vti_cnf bd_login.htm_cmp_artsy100_bnr.gif
2008.10.03 20:54 B C:\Users\rogerio\simplyrojas\_derived\_vti_cnf\bd_login.htm_cmp_artsy100_hbtn.gif --> www.evensteventrader.com /_derived/_vti_cnf bd_login.htm_cmp_artsy100_hbtn.gif
2008.10.03 20:54 B C:\Users\rogerio\simplyrojas\_derived\_vti_cnf\bd_lskdjf.htm_cmp_artsy100_bnr.gif --> www.evensteventrader.com /_derived/_vti_cnf bd_lskdjf.htm_cmp_artsy100_bnr.gif
2008.10.03 20:54 B C:\Users\rogerio\simplyrojas\_derived\_vti_cnf\birthdays.htm_cmp_artsy010_hbtn.gif --> www.evensteventrader.com /_derived/_vti_cnf birthdays.htm_cmp_artsy010_hbtn.gif
2008.10.03 20:54 B C:\Users\rogerio\simplyrojas\_derived\_vti_cnf\birthdays.htm_cmp_artsy010_hbtn_a.gif --> www.evensteventrader.com /_derived/_vti_cnf birthdays.htm_cmp_artsy010_hbtn_a.gif
2008.10.03 20:54 B C:\Users\rogerio\simplyrojas\_derived\_vti_cnf\birthdays.htm_cmp_artsy100_bnr.gif --> www.evensteventrader.com /_derived/_vti_cnf birthdays.htm_cmp_artsy100_bnr.gif
2008.10.03 20:54 B C:\Users\rogerio\simplyrojas\_derived\_vti_cnf\birthdays.htm_cmp_artsy100_hbtn.gif --> www.evensteventrader.com /_derived/_vti_cnf birthdays.htm_cmp_artsy100_hbtn.gif
2008.10.03 20:54 B C:\Users\rogerio\simplyrojas\_derived\_vti_cnf\carlos.htm_cmp_artsy010_bnr.gif --> www.evensteventrader.com /_derived/_vti_cnf carlos.htm_cmp_artsy010_bnr.gif
2008.10.03 20:54 B C:\Users\rogerio\simplyrojas\_derived\_vti_cnf\dalia.htm_cmp_artsy010_bnr.gif --> www.evensteventrader.com /_derived/_vti_cnf dalia.htm_cmp_artsy010_bnr.gif
2008.10.03 20:54 B C:\Users\rogerio\simplyrojas\_derived\_vti_cnf\evangelina.htm_cmp_artsy010_bnr.gif --> www.evensteventrader.com /_derived/_vti_cnf evangelina.htm_cmp_artsy010_bnr.gif
2008.10.03 20:54 B C:\Users\rogerio\simplyrojas\_derived\_vti_cnf\familytree.htm_cmp_artsy010_bnr.gif --> www.evensteventrader.com /_derived/_vti_cnf familytree.htm_cmp_artsy010_bnr.gif
2008.10.03 20:54 B C:\Users\rogerio\simplyrojas\_derived\_vti_cnf\familytree.htm_cmp_artsy010_hbtn.gif --> www.evensteventrader.com /_derived/_vti_cnf familytree.htm_cmp_artsy010_hbtn.gif
2008.10.03 20:54 B C:\Users\rogerio\simplyrojas\_derived\_vti_cnf\familytree.htm_cmp_artsy010_hbtn_a.gif --> www.evensteventrader.com /_derived/_vti_cnf familytree.htm_cmp_artsy010_hbtn_a.gif
2008.10.03 20:54 B C:\Users\rogerio\simplyrojas\_derived\_vti_cnf\familytree.htm_cmp_artsy100_hbtn.gif --> www.evensteventrader.com /_derived/_vti_cnf familytree.htm_cmp_artsy100_hbtn.gif
2008.10.03 20:54 B C:\Users\rogerio\simplyrojas\_derived\_vti_cnf\favorite.htm_cmp_artsy010_bnr.gif --> www.evensteventrader.com /_derived/_vti_cnf favorite.htm_cmp_artsy010_bnr.gif
2008.10.03 20:54 B C:\Users\rogerio\simplyrojas\_derived\_vti_cnf\favorite.htm_cmp_artsy010_hbtn_p.gif --> www.evensteventrader.com /_derived/_vti_cnf favorite.htm_cmp_artsy010_hbtn_p.gif
2008.10.03 20:54 B C:\Users\rogerio\simplyrojas\_derived\_vti_cnf\favorite.htm_cmp_artsy100_hbtn.gif --> www.evensteventrader.com /_derived/_vti_cnf favorite.htm_cmp_artsy100_hbtn.gif
2008.10.03 20:54 B C:\Users\rogerio\simplyrojas\_derived\_vti_cnf\francisco_aurora.htm_cmp_artsy010_bnr.gif --> www.evensteventrader.com /_derived/_vti_cnf francisco_aurora.htm_cmp_artsy010_bnr.gif
2008.10.03 20:54 B C:\Users\rogerio\simplyrojas\_derived\_vti_cnf\francisco_aurora.htm_cmp_artsy100_hbtn.gif --> www.evensteventrader.com /_derived/_vti_cnf francisco_aurora.htm_cmp_artsy100_hbtn.gif
2008.10.03 20:54 B C:\Users\rogerio\simplyrojas\_derived\_vti_cnf\francisco_III.htm_cmp_artsy010_bnr.gif --> www.evensteventrader.com /_derived/_vti_cnf francisco_III.htm_cmp_artsy010_bnr.gif
2008.10.03 20:54 B C:\Users\rogerio\simplyrojas\_derived\_vti_cnf\francisco_jr.htm_cmp_artsy010_bnr.gif --> www.evensteventrader.com /_derived/_vti_cnf francisco_jr.htm_cmp_artsy010_bnr.gif
2008.10.03 20:54 B C:\Users\rogerio\simplyrojas\_derived\_vti_cnf\guillermo_antonia.htm_cmp_artsy010_bnr.gif --> www.evensteventrader.com /_derived/_vti_cnf guillermo_antonia.htm_cmp_artsy010_bnr.gif
2008.10.03 20:54 B C:\Users\rogerio\simplyrojas\_derived\_vti_cnf\home_cmp_artsy010_gbtn.gif --> www.evensteventrader.com /_derived/_vti_cnf home_cmp_artsy010_gbtn.gif
2008.10.03 20:54 B C:\Users\rogerio\simplyrojas\_derived\_vti_cnf\home_cmp_artsy010_hbtn.gif --> www.evensteventrader.com /_derived/_vti_cnf home_cmp_artsy010_hbtn.gif
2008.10.03 20:54 B C:\Users\rogerio\simplyrojas\_derived\_vti_cnf\home_cmp_artsy010_hbtn_a.gif --> www.evensteventrader.com /_derived/_vti_cnf home_cmp_artsy010_hbtn_a.gif
2008.10.03 20:54 B C:\Users\rogerio\simplyrojas\_derived\_vti_cnf\home_cmp_artsy100_gbtn.gif --> www.evensteventrader.com /_derived/_vti_cnf home_cmp_artsy100_gbtn.gif
2008.10.03 20:54 B C:\Users\rogerio\simplyrojas\_derived\_vti_cnf\index.htm_cmp_artsy100_bnr.gif --> www.evensteventrader.com /_derived/_vti_cnf index.htm_cmp_artsy100_bnr.gif
2008.10.03 20:54 B C:\Users\rogerio\simplyrojas\_derived\_vti_cnf\jessica rae.htm_cmp_artsy010_bnr.gif --> www.evensteventrader.com /_derived/_vti_cnf jessica rae.htm_cmp_artsy010_bnr.gif
2008.10.03 20:54 B C:\Users\rogerio\simplyrojas\_derived\_vti_cnf\jorge.htm_cmp_artsy010_bnr.gif --> www.evensteventrader.com /_derived/_vti_cnf jorge.htm_cmp_artsy010_bnr.gif
2008.10.03 20:54 B C:\Users\rogerio\simplyrojas\_derived\_vti_cnf\jose_josepha.htm_cmp_artsy010_bnr.gif --> www.evensteventrader.com /_derived/_vti_cnf jose_josepha.htm_cmp_artsy010_bnr.gif
2008.10.03 20:54 B C:\Users\rogerio\simplyrojas\_derived\_vti_cnf\karina.htm_cmp_artsy010_bnr.gif --> www.evensteventrader.com /_derived/_vti_cnf karina.htm_cmp_artsy010_bnr.gif
2008.10.03 20:54 B C:\Users\rogerio\simplyrojas\_derived\_vti_cnf\melissa.htm_cmp_artsy010_bnr.gif --> www.evensteventrader.com /_derived/_vti_cnf melissa.htm_cmp_artsy010_bnr.gif
2008.10.03 20:54 B C:\Users\rogerio\simplyrojas\_derived\_vti_cnf\michelle.htm_cmp_artsy010_bnr.gif --> www.evensteventrader.com /_derived/_vti_cnf michelle.htm_cmp_artsy010_bnr.gif
2008.10.03 20:54 B C:\Users\rogerio\simplyrojas\_derived\_vti_cnf\monica.htm_cmp_artsy010_bnr.gif --> www.evensteventrader.com /_derived/_vti_cnf monica.htm_cmp_artsy010_bnr.gif
2008.10.03 20:54 B C:\Users\rogerio\simplyrojas\_derived\_vti_cnf\oscar.htm_cmp_artsy010_bnr.gif --> www.evensteventrader.com /_derived/_vti_cnf oscar.htm_cmp_artsy010_bnr.gif
2008.10.03 20:54 B C:\Users\rogerio\simplyrojas\_derived\_vti_cnf\Photos.htm_cmp_artsy010_hbtn.gif --> www.evensteventrader.com /_derived/_vti_cnf Photos.htm_cmp_artsy010_hbtn.gif
2008.10.03 20:54 B C:\Users\rogerio\simplyrojas\_derived\_vti_cnf\Photos.htm_cmp_artsy010_hbtn_a.gif --> www.evensteventrader.com /_derived/_vti_cnf Photos.htm_cmp_artsy010_hbtn_a.gif
2008.10.03 20:54 B C:\Users\rogerio\simplyrojas\_derived\_vti_cnf\Photos.htm_cmp_artsy100_hbtn.gif --> www.evensteventrader.com /_derived/_vti_cnf Photos.htm_cmp_artsy100_hbtn.gif
2008.10.03 20:54 B C:\Users\rogerio\simplyrojas\_derived\_vti_cnf\Photos.htm_cmp_artsy110_bnr.gif --> www.evensteventrader.com /_derived/_vti_cnf Photos.htm_cmp_artsy110_bnr.gif
2008.10.03 20:54 B C:\Users\rogerio\simplyrojas\_derived\_vti_cnf\pics04-cdc_award.htm_cmp_artsy010_bnr.gif --> www.evensteventrader.com /_derived/_vti_cnf pics04-cdc_award.htm_cmp_artsy010_bnr.gif
2008.10.03 20:54 B C:\Users\rogerio\simplyrojas\_derived\_vti_cnf\pics04-Trail.htm_cmp_artsy010_bnr.gif --> www.evensteventrader.com /_derived/_vti_cnf pics04-Trail.htm_cmp_artsy010_bnr.gif
2008.10.03 20:54 B C:\Users\rogerio\simplyrojas\_derived\_vti_cnf\pics_08151603.htm_cmp_artsy010_bnr.gif --> www.evensteventrader.com /_derived/_vti_cnf pics_08151603.htm_cmp_artsy010_bnr.gif
2008.10.03 20:54 B C:\Users\rogerio\simplyrojas\_derived\_vti_cnf\pics_ballunarfest03.htm_cmp_artsy010_bnr.gif --> www.evensteventrader.com /_derived/_vti_cnf pics_ballunarfest03.htm_cmp_artsy010_bnr.gif
2008.10.03 20:54 B C:\Users\rogerio\simplyrojas\_derived\_vti_cnf\pics_LaborDay03.htm_cmp_artsy010_bnr.gif --> www.evensteventrader.com /_derived/_vti_cnf pics_LaborDay03.htm_cmp_artsy010_bnr.gif
2008.10.03 20:54 B C:\Users\rogerio\simplyrojas\_derived\_vti_cnf\pics_porter-losfresnos03.htm_cmp_artsy010_bnr.gif --> www.evensteventrader.com /_derived/_vti_cnf pics_porter-losfresnos03.htm_cmp_artsy010_bnr.gif
2008.10.03 20:54 B C:\Users\rogerio\simplyrojas\_derived\_vti_cnf\pics_porter-psja-districtplayoff03.htm_cmp_artsy010_bnr.gif --> www.evensteventrader.com /_derived/_vti_cnf pics_porter-psja-districtplayoff03.htm_cmp_artsy010_bnr.gif
2008.10.03 20:54 B C:\Users\rogerio\simplyrojas\_derived\_vti_cnf\pics_texans_jaquars_03.htm_cmp_artsy010_bnr.gif --> www.evensteventrader.com /_derived/_vti_cnf pics_texans_jaquars_03.htm_cmp_artsy010_bnr.gif
2008.10.03 20:54 B C:\Users\rogerio\simplyrojas\_derived\_vti_cnf\pics_ut-rice03.htm_cmp_artsy010_bnr.gif --> www.evensteventrader.com /_derived/_vti_cnf pics_ut-rice03.htm_cmp_artsy010_bnr.gif
2008.10.03 20:54 B C:\Users\rogerio\simplyrojas\_derived\_vti_cnf\pics_UTExpo03.htm_cmp_artsy010_bnr.gif --> www.evensteventrader.com /_derived/_vti_cnf pics_UTExpo03.htm_cmp_artsy010_bnr.gif
2008.10.03 20:54 B C:\Users\rogerio\simplyrojas\_derived\_vti_cnf\pics_west03.htm_cmp_artsy010_bnr.gif --> www.evensteventrader.com /_derived/_vti_cnf pics_west03.htm_cmp_artsy010_bnr.gif
2008.10.03 20:54 B C:\Users\rogerio\simplyrojas\_derived\_vti_cnf\pics_windsurfing.htm_cmp_artsy010_bnr.gif --> www.evensteventrader.com /_derived/_vti_cnf pics_windsurfing.htm_cmp_artsy010_bnr.gif
2008.10.03 20:54 B C:\Users\rogerio\simplyrojas\_derived\_vti_cnf\pics_windsurfing2.htm_cmp_artsy010_bnr.gif --> www.evensteventrader.com /_derived/_vti_cnf pics_windsurfing2.htm_cmp_artsy010_bnr.gif
2008.10.03 20:54 B C:\Users\rogerio\simplyrojas\_derived\_vti_cnf\reunion.htm_cmp_artsy010_bnr.gif --> www.evensteventrader.com /_derived/_vti_cnf reunion.htm_cmp_artsy010_bnr.gif
2008.10.03 20:54 B C:\Users\rogerio\simplyrojas\_derived\_vti_cnf\ricardo.htm_cmp_artsy010_bnr.gif --> www.evensteventrader.com /_derived/_vti_cnf ricardo.htm_cmp_artsy010_bnr.gif
2008.10.03 20:54 B C:\Users\rogerio\simplyrojas\_derived\_vti_cnf\roberto.htm_cmp_artsy010_bnr.gif --> www.evensteventrader.com /_derived/_vti_cnf roberto.htm_cmp_artsy010_bnr.gif
2008.10.03 20:54 B C:\Users\rogerio\simplyrojas\_derived\_vti_cnf\ruben.htm_cmp_artsy010_bnr.gif --> www.evensteventrader.com /_derived/_vti_cnf ruben.htm_cmp_artsy010_bnr.gif
2008.10.03 20:54 B C:\Users\rogerio\simplyrojas\_derived\_vti_cnf\toppage1.htm_cmp_artsy010_bnr.gif --> www.evensteventrader.com /_derived/_vti_cnf toppage1.htm_cmp_artsy010_bnr.gif
2008.10.03 20:54 B C:\Users\rogerio\simplyrojas\_derived\_vti_cnf\toppage1.htm_cmp_artsy010_gbtn.gif --> www.evensteventrader.com /_derived/_vti_cnf toppage1.htm_cmp_artsy010_gbtn.gif
2008.10.03 20:54 B C:\Users\rogerio\simplyrojas\_derived\_vti_cnf\toppage1.htm_cmp_artsy100_gbtn.gif --> www.evensteventrader.com /_derived/_vti_cnf toppage1.htm_cmp_artsy100_gbtn.gif
2008.10.03 20:54 B C:\Users\rogerio\simplyrojas\_derived\_vti_cnf\toppage1.htm_cmp_artsy110_gbtn.gif --> www.evensteventrader.com /_derived/_vti_cnf toppage1.htm_cmp_artsy110_gbtn.gif
2008.10.03 20:54 B C:\Users\rogerio\simplyrojas\_derived\_vti_cnf\toppage11.htm_cmp_artsy010_bnr.gif --> www.evensteventrader.com /_derived/_vti_cnf toppage11.htm_cmp_artsy010_bnr.gif
2008.10.03 20:54 B C:\Users\rogerio\simplyrojas\_derived\_vti_cnf\toppage11.htm_cmp_artsy010_gbtn.gif --> www.evensteventrader.com /_derived/_vti_cnf toppage11.htm_cmp_artsy010_gbtn.gif
2008.10.03 20:54 B C:\Users\rogerio\simplyrojas\_derived\_vti_cnf\toppage11.htm_cmp_artsy100_gbtn.gif --> www.evensteventrader.com /_derived/_vti_cnf toppage11.htm_cmp_artsy100_gbtn.gif
2008.10.03 20:54 B C:\Users\rogerio\simplyrojas\_derived\_vti_cnf\toppage11.htm_cmp_artsy110_gbtn.gif --> www.evensteventrader.com /_derived/_vti_cnf toppage11.htm_cmp_artsy110_gbtn.gif
2008.10.03 20:54 B C:\Users\rogerio\simplyrojas\_derived\_vti_cnf\up_cmp_artsy010_gbtn.gif --> www.evensteventrader.com /_derived/_vti_cnf up_cmp_artsy010_gbtn.gif
2008.10.03 20:54 B C:\Users\rogerio\simplyrojas\_derived\_vti_cnf\up_cmp_artsy100_gbtn.gif --> www.evensteventrader.com /_derived/_vti_cnf up_cmp_artsy100_gbtn.gif
2008.10.03 20:54 B C:\Users\rogerio\simplyrojas\_derived\_vti_cnf\up_cmp_artsy110_gbtn.gif --> www.evensteventrader.com /_derived/_vti_cnf up_cmp_artsy110_gbtn.gif
2008.10.03 20:54 B C:\Users\rogerio\simplyrojas\_derived\_vti_cnf\willie.htm_cmp_artsy010_bnr.gif --> www.evensteventrader.com /_derived/_vti_cnf willie.htm_cmp_artsy010_bnr.gif
